<?xml version="1.0" encoding="UTF-8"?>
<coverage generated="1765810675381" clover="3.2.0">
  <project timestamp="1765810675381" name="All files">
    <metrics statements="240" coveredstatements="110" conditionals="102" coveredconditionals="55" methods="22" coveredmethods="8" elements="364" coveredelements="173" complexity="0" loc="240" ncloc="240" packages="2" files="11" classes="11"/>
    <package name="ai">
      <metrics statements="104" coveredstatements="60" conditionals="42" coveredconditionals="32" methods="6" coveredmethods="4"/>
      <file name="fullCourseGenerator.ts" path="E:\sc\AI-learning-Route-Builder\ai\fullCourseGenerator.ts">
        <metrics statements="42" coveredstatements="0" conditionals="10" coveredconditionals="0" methods="2" coveredmethods="0"/>
        <line num="1" count="0" type="stmt"/>
        <line num="2" count="0" type="stmt"/>
        <line num="3" count="0" type="stmt"/>
        <line num="4" count="0" type="stmt"/>
        <line num="5" count="0" type="stmt"/>
        <line num="128" count="0" type="stmt"/>
        <line num="129" count="0" type="stmt"/>
        <line num="130" count="0" type="stmt"/>
        <line num="131" count="0" type="stmt"/>
        <line num="134" count="0" type="cond" truecount="0" falsecount="1"/>
        <line num="135" count="0" type="stmt"/>
        <line num="139" count="0" type="stmt"/>
        <line num="140" count="0" type="stmt"/>
        <line num="141" count="0" type="cond" truecount="0" falsecount="1"/>
        <line num="142" count="0" type="stmt"/>
        <line num="143" count="0" type="stmt"/>
        <line num="147" count="0" type="stmt"/>
        <line num="151" count="0" type="stmt"/>
        <line num="163" count="0" type="stmt"/>
        <line num="164" count="0" type="stmt"/>
        <line num="166" count="0" type="stmt"/>
        <line num="178" count="0" type="stmt"/>
        <line num="182" count="0" type="stmt"/>
        <line num="183" count="0" type="stmt"/>
        <line num="186" count="0" type="stmt"/>
        <line num="187" count="0" type="stmt"/>
        <line num="188" count="0" type="stmt"/>
        <line num="189" count="0" type="stmt"/>
        <line num="190" count="0" type="stmt"/>
        <line num="193" count="0" type="cond" truecount="0" falsecount="3"/>
        <line num="194" count="0" type="stmt"/>
        <line num="197" count="0" type="cond" truecount="0" falsecount="3"/>
        <line num="198" count="0" type="stmt"/>
        <line num="201" count="0" type="cond" truecount="0" falsecount="1"/>
        <line num="202" count="0" type="stmt"/>
        <line num="205" count="0" type="stmt"/>
        <line num="208" count="0" type="stmt"/>
        <line num="209" count="0" type="stmt"/>
        <line num="211" count="0" type="stmt"/>
        <line num="213" count="0" type="cond" truecount="0" falsecount="1"/>
        <line num="214" count="0" type="stmt"/>
        <line num="216" count="0" type="stmt"/>
      </file>
      <file name="notesGenerator.ts" path="E:\sc\AI-learning-Route-Builder\ai\notesGenerator.ts">
        <metrics statements="16" coveredstatements="15" conditionals="11" coveredconditionals="11" methods="1" coveredmethods="1"/>
        <line num="1" count="2" type="stmt"/>
        <line num="2" count="2" type="stmt"/>
        <line num="47" count="26" type="stmt"/>
        <line num="51" count="26" type="stmt"/>
        <line num="53" count="26" type="stmt"/>
        <line num="54" count="25" type="stmt"/>
        <line num="57" count="25" type="stmt"/>
        <line num="60" count="23" type="stmt"/>
        <line num="63" count="23" type="cond" truecount="4" falsecount="0"/>
        <line num="64" count="3" type="stmt"/>
        <line num="67" count="16" type="cond" truecount="1" falsecount="0"/>
        <line num="74" count="6" type="stmt"/>
        <line num="77" count="10" type="stmt"/>
        <line num="79" count="16" type="cond" truecount="1" falsecount="0"/>
        <line num="80" count="16" type="stmt"/>
        <line num="82" count="0" type="stmt"/>
      </file>
      <file name="questionGenerator.ts" path="E:\sc\AI-learning-Route-Builder\ai\questionGenerator.ts">
        <metrics statements="16" coveredstatements="15" conditionals="9" coveredconditionals="9" methods="1" coveredmethods="1"/>
        <line num="1" count="2" type="stmt"/>
        <line num="2" count="2" type="stmt"/>
        <line num="46" count="19" type="stmt"/>
        <line num="50" count="19" type="stmt"/>
        <line num="52" count="19" type="stmt"/>
        <line num="53" count="19" type="stmt"/>
        <line num="56" count="19" type="stmt"/>
        <line num="59" count="17" type="stmt"/>
        <line num="62" count="16" type="cond" truecount="4" falsecount="0"/>
        <line num="63" count="3" type="stmt"/>
        <line num="66" count="13" type="cond" truecount="1" falsecount="0"/>
        <line num="71" count="2" type="stmt"/>
        <line num="74" count="11" type="stmt"/>
        <line num="76" count="8" type="cond" truecount="1" falsecount="0"/>
        <line num="77" count="8" type="stmt"/>
        <line num="79" count="0" type="stmt"/>
      </file>
      <file name="resourcesGenerator.ts" path="E:\sc\AI-learning-Route-Builder\ai\resourcesGenerator.ts">
        <metrics statements="16" coveredstatements="16" conditionals="8" coveredconditionals="8" methods="1" coveredmethods="1"/>
        <line num="1" count="2" type="stmt"/>
        <line num="2" count="2" type="stmt"/>
        <line num="40" count="23" type="stmt"/>
        <line num="41" count="23" type="stmt"/>
        <line num="43" count="23" type="stmt"/>
        <line num="44" count="22" type="stmt"/>
        <line num="47" count="22" type="stmt"/>
        <line num="50" count="19" type="stmt"/>
        <line num="53" count="19" type="cond" truecount="3" falsecount="0"/>
        <line num="54" count="2" type="stmt"/>
        <line num="57" count="17" type="cond" truecount="1" falsecount="0"/>
        <line num="62" count="3" type="stmt"/>
        <line num="65" count="14" type="stmt"/>
        <line num="67" count="9" type="cond" truecount="1" falsecount="0"/>
        <line num="68" count="8" type="stmt"/>
        <line num="70" count="1" type="stmt"/>
      </file>
      <file name="roadmapGenerator.ts" path="E:\sc\AI-learning-Route-Builder\ai\roadmapGenerator.ts">
        <metrics statements="14" coveredstatements="14" conditionals="4" coveredconditionals="4" methods="1" coveredmethods="1"/>
        <line num="1" count="2" type="stmt"/>
        <line num="2" count="2" type="stmt"/>
        <line num="14" count="45" type="stmt"/>
        <line num="15" count="45" type="stmt"/>
        <line num="17" count="45" type="stmt"/>
        <line num="18" count="44" type="stmt"/>
        <line num="21" count="44" type="stmt"/>
        <line num="24" count="41" type="stmt"/>
        <line num="27" count="40" type="cond" truecount="3" falsecount="0"/>
        <line num="28" count="8" type="stmt"/>
        <line num="31" count="26" type="stmt"/>
        <line num="33" count="19" type="cond" truecount="1" falsecount="0"/>
        <line num="34" count="18" type="stmt"/>
        <line num="36" count="1" type="stmt"/>
      </file>
    </package>
    <package name="lib">
      <metrics statements="136" coveredstatements="50" conditionals="60" coveredconditionals="23" methods="16" coveredmethods="4"/>
      <file name="auth-context.tsx" path="E:\sc\AI-learning-Route-Builder\lib\auth-context.tsx">
        <metrics statements="33" coveredstatements="0" conditionals="5" coveredconditionals="0" methods="8" coveredmethods="0"/>
        <line num="3" count="0" type="stmt"/>
        <line num="20" count="0" type="stmt"/>
        <line num="22" count="0" type="stmt"/>
        <line num="23" count="0" type="stmt"/>
        <line num="25" count="0" type="stmt"/>
        <line num="27" count="0" type="stmt"/>
        <line num="30" count="0" type="stmt"/>
        <line num="31" count="0" type="stmt"/>
        <line num="34" count="0" type="stmt"/>
        <line num="36" count="0" type="stmt"/>
        <line num="38" count="0" type="stmt"/>
        <line num="39" count="0" type="stmt"/>
        <line num="40" count="0" type="stmt"/>
        <line num="44" count="0" type="stmt"/>
        <line num="45" count="0" type="cond" truecount="0" falsecount="1"/>
        <line num="46" count="0" type="stmt"/>
        <line num="47" count="0" type="stmt"/>
        <line num="48" count="0" type="cond" truecount="0" falsecount="1"/>
        <line num="49" count="0" type="stmt"/>
        <line num="52" count="0" type="stmt"/>
        <line num="56" count="0" type="stmt"/>
        <line num="57" count="0" type="stmt"/>
        <line num="58" count="0" type="cond" truecount="0" falsecount="1"/>
        <line num="59" count="0" type="stmt"/>
        <line num="63" count="0" type="stmt"/>
        <line num="64" count="0" type="stmt"/>
        <line num="65" count="0" type="cond" truecount="0" falsecount="1"/>
        <line num="66" count="0" type="stmt"/>
        <line num="85" count="0" type="stmt"/>
        <line num="86" count="0" type="stmt"/>
        <line num="87" count="0" type="cond" truecount="0" falsecount="1"/>
        <line num="88" count="0" type="stmt"/>
        <line num="90" count="0" type="stmt"/>
      </file>
      <file name="llm-client.ts" path="E:\sc\AI-learning-Route-Builder\lib\llm-client.ts">
        <metrics statements="73" coveredstatements="33" conditionals="49" coveredconditionals="23" methods="5" coveredmethods="1"/>
        <line num="1" count="6" type="stmt"/>
        <line num="4" count="6" type="cond" truecount="3" falsecount="0"/>
        <line num="6" count="6" type="stmt"/>
        <line num="7" count="6" type="cond" truecount="1" falsecount="2"/>
        <line num="8" count="0" type="stmt"/>
        <line num="13" count="6" type="cond" truecount="1" falsecount="1"/>
        <line num="29" count="0" type="stmt"/>
        <line num="30" count="0" type="stmt"/>
        <line num="31" count="0" type="stmt"/>
        <line num="33" count="0" type="stmt"/>
        <line num="34" count="0" type="cond" truecount="0" falsecount="3"/>
        <line num="36" count="0" type="cond" truecount="0" falsecount="3"/>
        <line num="38" count="0" type="stmt"/>
        <line num="41" count="0" type="stmt"/>
        <line num="42" count="0" type="cond" truecount="0" falsecount="1"/>
        <line num="43" count="0" type="stmt"/>
        <line num="46" count="0" type="stmt"/>
        <line num="47" count="0" type="stmt"/>
        <line num="48" count="0" type="stmt"/>
        <line num="52" count="0" type="stmt"/>
        <line num="56" count="0" type="stmt"/>
        <line num="59" count="5" type="stmt"/>
        <line num="63" count="0" type="cond" truecount="0" falsecount="1"/>
        <line num="64" count="0" type="stmt"/>
        <line num="68" count="0" type="stmt"/>
        <line num="69" count="0" type="stmt"/>
        <line num="71" count="0" type="stmt"/>
        <line num="81" count="0" type="stmt"/>
        <line num="87" count="0" type="stmt"/>
        <line num="90" count="0" type="stmt"/>
        <line num="91" count="0" type="stmt"/>
        <line num="92" count="0" type="stmt"/>
        <line num="93" count="0" type="stmt"/>
        <line num="97" count="0" type="cond" truecount="0" falsecount="3"/>
        <line num="98" count="0" type="stmt"/>
        <line num="99" count="0" type="stmt"/>
        <line num="100" count="0" type="stmt"/>
        <line num="101" count="0" type="stmt"/>
        <line num="104" count="0" type="cond" truecount="0" falsecount="3"/>
        <line num="105" count="0" type="stmt"/>
        <line num="109" count="0" type="stmt"/>
        <line num="111" count="0" type="stmt"/>
        <line num="113" count="0" type="cond" truecount="0" falsecount="1"/>
        <line num="114" count="0" type="stmt"/>
        <line num="116" count="0" type="stmt"/>
        <line num="126" count="48" type="stmt"/>
        <line num="127" count="43" type="stmt"/>
        <line num="129" count="43" type="stmt"/>
        <line num="130" count="43" type="cond" truecount="2" falsecount="0"/>
        <line num="131" count="5" type="stmt"/>
        <line num="132" count="38" type="cond" truecount="1" falsecount="0"/>
        <line num="133" count="2" type="stmt"/>
        <line num="137" count="43" type="stmt"/>
        <line num="138" count="43" type="cond" truecount="1" falsecount="0"/>
        <line num="140" count="41" type="cond" truecount="2" falsecount="0"/>
        <line num="141" count="41" type="cond" truecount="2" falsecount="0"/>
        <line num="142" count="41" type="cond" truecount="2" falsecount="0"/>
        <line num="143" count="41" type="cond" truecount="2" falsecount="0"/>
        <line num="145" count="41" type="cond" truecount="3" falsecount="0"/>
        <line num="146" count="4" type="stmt"/>
        <line num="147" count="4" type="stmt"/>
        <line num="148" count="4" type="stmt"/>
        <line num="153" count="43" type="stmt"/>
        <line num="156" count="10" type="cond" truecount="1" falsecount="1"/>
        <line num="157" count="10" type="cond" truecount="1" falsecount="1"/>
        <line num="161" count="10" type="stmt"/>
        <line num="162" count="10" type="stmt"/>
        <line num="163" count="10" type="stmt"/>
        <line num="164" count="10" type="stmt"/>
        <line num="167" count="10" type="cond" truecount="1" falsecount="2"/>
        <line num="172" count="10" type="cond" truecount="0" falsecount="1"/>
        <line num="173" count="0" type="stmt"/>
        <line num="176" count="10" type="stmt"/>
      </file>
      <file name="prompt-loader.ts" path="E:\sc\AI-learning-Route-Builder\lib\prompt-loader.ts">
        <metrics statements="14" coveredstatements="13" conditionals="0" coveredconditionals="0" methods="2" coveredmethods="2"/>
        <line num="1" count="6" type="stmt"/>
        <line num="2" count="6" type="stmt"/>
        <line num="9" count="15" type="stmt"/>
        <line num="10" count="11" type="stmt"/>
        <line num="11" count="11" type="stmt"/>
        <line num="12" count="11" type="stmt"/>
        <line num="13" count="11" type="stmt"/>
        <line num="15" count="0" type="stmt"/>
        <line num="25" count="42" type="stmt"/>
        <line num="29" count="38" type="stmt"/>
        <line num="30" count="38" type="stmt"/>
        <line num="31" count="47" type="stmt"/>
        <line num="32" count="47" type="stmt"/>
        <line num="34" count="38" type="stmt"/>
      </file>
      <file name="supabase-server.ts" path="E:\sc\AI-learning-Route-Builder\lib\supabase-server.ts">
        <metrics statements="6" coveredstatements="0" conditionals="3" coveredconditionals="0" methods="0" coveredmethods="0"/>
        <line num="1" count="0" type="stmt"/>
        <line num="3" count="0" type="stmt"/>
        <line num="4" count="0" type="stmt"/>
        <line num="6" count="0" type="cond" truecount="0" falsecount="3"/>
        <line num="7" count="0" type="stmt"/>
        <line num="11" count="0" type="stmt"/>
      </file>
      <file name="supabase.ts" path="E:\sc\AI-learning-Route-Builder\lib\supabase.ts">
        <metrics statements="6" coveredstatements="0" conditionals="3" coveredconditionals="0" methods="0" coveredmethods="0"/>
        <line num="1" count="0" type="stmt"/>
        <line num="3" count="0" type="stmt"/>
        <line num="4" count="0" type="stmt"/>
        <line num="6" count="0" type="cond" truecount="0" falsecount="3"/>
        <line num="7" count="0" type="stmt"/>
        <line num="10" count="0" type="stmt"/>
      </file>
      <file name="utils.ts" path="E:\sc\AI-learning-Route-Builder\lib\utils.ts">
        <metrics statements="4" coveredstatements="4" conditionals="0" coveredconditionals="0" methods="1" coveredmethods="1"/>
        <line num="1" count="1" type="stmt"/>
        <line num="2" count="1" type="stmt"/>
        <line num="4" count="39" type="stmt"/>
        <line num="5" count="39" type="stmt"/>
      </file>
    </package>
  </project>
</coverage>
