{"E:\\sc\\AI-learning-Route-Builder\\ai\\fullCourseGenerator.ts": {"path":"E:\\sc\\AI-learning-Route-Builder\\ai\\fullCourseGenerator.ts","statementMap":{"0":{"start":{"line":178,"column":22},"end":{"line":178,"column":null}},"1":{"start":{"line":1,"column":61},"end":{"line":1,"column":null}},"2":{"start":{"line":2,"column":43},"end":{"line":2,"column":null}},"3":{"start":{"line":3,"column":43},"end":{"line":3,"column":null}},"4":{"start":{"line":4,"column":21},"end":{"line":4,"column":null}},"5":{"start":{"line":5,"column":27},"end":{"line":5,"column":null}},"6":{"start":{"line":128,"column":2},"end":{"line":168,"column":null}},"7":{"start":{"line":129,"column":20},"end":{"line":129,"column":null}},"8":{"start":{"line":130,"column":32},"end":{"line":130,"column":null}},"9":{"start":{"line":131,"column":25},"end":{"line":131,"column":null}},"10":{"start":{"line":134,"column":4},"end":{"line":136,"column":null}},"11":{"start":{"line":135,"column":6},"end":{"line":135,"column":null}},"12":{"start":{"line":139,"column":52},"end":{"line":139,"column":null}},"13":{"start":{"line":140,"column":4},"end":{"line":148,"column":null}},"14":{"start":{"line":141,"column":6},"end":{"line":144,"column":null}},"15":{"start":{"line":142,"column":28},"end":{"line":142,"column":null}},"16":{"start":{"line":143,"column":8},"end":{"line":143,"column":null}},"17":{"start":{"line":147,"column":6},"end":{"line":147,"column":null}},"18":{"start":{"line":151,"column":23},"end":{"line":160,"column":null}},"19":{"start":{"line":163,"column":4},"end":{"line":163,"column":null}},"20":{"start":{"line":164,"column":4},"end":{"line":164,"column":null}},"21":{"start":{"line":166,"column":4},"end":{"line":166,"column":null}},"22":{"start":{"line":182,"column":2},"end":{"line":217,"column":null}},"23":{"start":{"line":183,"column":4},"end":{"line":183,"column":null}},"24":{"start":{"line":186,"column":4},"end":{"line":186,"column":null}},"25":{"start":{"line":187,"column":28},"end":{"line":187,"column":null}},"26":{"start":{"line":188,"column":26},"end":{"line":188,"column":null}},"27":{"start":{"line":189,"column":21},"end":{"line":189,"column":null}},"28":{"start":{"line":190,"column":23},"end":{"line":190,"column":null}},"29":{"start":{"line":193,"column":4},"end":{"line":195,"column":null}},"30":{"start":{"line":194,"column":6},"end":{"line":194,"column":null}},"31":{"start":{"line":197,"column":4},"end":{"line":199,"column":null}},"32":{"start":{"line":198,"column":6},"end":{"line":198,"column":null}},"33":{"start":{"line":201,"column":4},"end":{"line":203,"column":null}},"34":{"start":{"line":202,"column":6},"end":{"line":202,"column":null}},"35":{"start":{"line":205,"column":4},"end":{"line":205,"column":null}},"36":{"start":{"line":208,"column":4},"end":{"line":208,"column":null}},"37":{"start":{"line":209,"column":4},"end":{"line":209,"column":null}},"38":{"start":{"line":211,"column":4},"end":{"line":211,"column":null}},"39":{"start":{"line":213,"column":4},"end":{"line":215,"column":null}},"40":{"start":{"line":214,"column":6},"end":{"line":214,"column":null}},"41":{"start":{"line":216,"column":4},"end":{"line":216,"column":null}}},"fnMap":{"0":{"name":"saveCourseIncrementally","decl":{"start":{"line":124,"column":15},"end":{"line":124,"column":null}},"loc":{"start":{"line":126,"column":66},"end":{"line":169,"column":null}}},"1":{"name":"generateFullCourse","decl":{"start":{"line":178,"column":22},"end":{"line":178,"column":null}},"loc":{"start":{"line":180,"column":78},"end":{"line":218,"column":null}}}},"branchMap":{"0":{"loc":{"start":{"line":134,"column":4},"end":{"line":136,"column":null}},"type":"if","locations":[{"start":{"line":134,"column":4},"end":{"line":136,"column":null}}]},"1":{"loc":{"start":{"line":141,"column":6},"end":{"line":144,"column":null}},"type":"if","locations":[{"start":{"line":141,"column":6},"end":{"line":144,"column":null}}]},"2":{"loc":{"start":{"line":193,"column":4},"end":{"line":195,"column":null}},"type":"if","locations":[{"start":{"line":193,"column":4},"end":{"line":195,"column":null}}]},"3":{"loc":{"start":{"line":193,"column":8},"end":{"line":193,"column":52}},"type":"binary-expr","locations":[{"start":{"line":193,"column":8},"end":{"line":193,"column":27}},{"start":{"line":193,"column":31},"end":{"line":193,"column":52}}]},"4":{"loc":{"start":{"line":197,"column":4},"end":{"line":199,"column":null}},"type":"if","locations":[{"start":{"line":197,"column":4},"end":{"line":199,"column":null}}]},"5":{"loc":{"start":{"line":197,"column":8},"end":{"line":197,"column":83}},"type":"binary-expr","locations":[{"start":{"line":197,"column":8},"end":{"line":197,"column":34}},{"start":{"line":197,"column":38},"end":{"line":197,"column":83}}]},"6":{"loc":{"start":{"line":201,"column":4},"end":{"line":203,"column":null}},"type":"if","locations":[{"start":{"line":201,"column":4},"end":{"line":203,"column":null}}]},"7":{"loc":{"start":{"line":213,"column":4},"end":{"line":215,"column":null}},"type":"if","locations":[{"start":{"line":213,"column":4},"end":{"line":215,"column":null}}]}},"s":{"0":0,"1":0,"2":0,"3":0,"4":0,"5":0,"6":0,"7":0,"8":0,"9":0,"10":0,"11":0,"12":0,"13":0,"14":0,"15":0,"16":0,"17":0,"18":0,"19":0,"20":0,"21":0,"22":0,"23":0,"24":0,"25":0,"26":0,"27":0,"28":0,"29":0,"30":0,"31":0,"32":0,"33":0,"34":0,"35":0,"36":0,"37":0,"38":0,"39":0,"40":0,"41":0},"f":{"0":0,"1":0},"b":{"0":[0],"1":[0],"2":[0],"3":[0,0],"4":[0],"5":[0,0],"6":[0],"7":[0]}}
,"E:\\sc\\AI-learning-Route-Builder\\ai\\notesGenerator.ts": {"path":"E:\\sc\\AI-learning-Route-Builder\\ai\\notesGenerator.ts","statementMap":{"0":{"start":{"line":47,"column":22},"end":{"line":47,"column":null}},"1":{"start":{"line":1,"column":61},"end":{"line":1,"column":null}},"2":{"start":{"line":2,"column":43},"end":{"line":2,"column":null}},"3":{"start":{"line":51,"column":2},"end":{"line":83,"column":null}},"4":{"start":{"line":53,"column":21},"end":{"line":53,"column":null}},"5":{"start":{"line":54,"column":19},"end":{"line":54,"column":null}},"6":{"start":{"line":57,"column":21},"end":{"line":57,"column":null}},"7":{"start":{"line":60,"column":18},"end":{"line":60,"column":null}},"8":{"start":{"line":63,"column":4},"end":{"line":65,"column":null}},"9":{"start":{"line":64,"column":6},"end":{"line":64,"column":null}},"10":{"start":{"line":67,"column":4},"end":{"line":75,"column":null}},"11":{"start":{"line":74,"column":6},"end":{"line":74,"column":null}},"12":{"start":{"line":77,"column":4},"end":{"line":77,"column":null}},"13":{"start":{"line":79,"column":4},"end":{"line":81,"column":null}},"14":{"start":{"line":80,"column":6},"end":{"line":80,"column":null}},"15":{"start":{"line":82,"column":4},"end":{"line":82,"column":null}}},"fnMap":{"0":{"name":"generateNotes","decl":{"start":{"line":47,"column":22},"end":{"line":47,"column":null}},"loc":{"start":{"line":49,"column":17},"end":{"line":84,"column":null}}}},"branchMap":{"0":{"loc":{"start":{"line":63,"column":4},"end":{"line":65,"column":null}},"type":"if","locations":[{"start":{"line":63,"column":4},"end":{"line":65,"column":null}}]},"1":{"loc":{"start":{"line":63,"column":8},"end":{"line":63,"column":56}},"type":"binary-expr","locations":[{"start":{"line":63,"column":8},"end":{"line":63,"column":22}},{"start":{"line":63,"column":26},"end":{"line":63,"column":40}},{"start":{"line":63,"column":44},"end":{"line":63,"column":56}}]},"2":{"loc":{"start":{"line":67,"column":4},"end":{"line":75,"column":null}},"type":"if","locations":[{"start":{"line":67,"column":4},"end":{"line":75,"column":null}}]},"3":{"loc":{"start":{"line":68,"column":6},"end":{"line":72,"column":26}},"type":"binary-expr","locations":[{"start":{"line":68,"column":6},"end":{"line":68,"column":null}},{"start":{"line":69,"column":6},"end":{"line":69,"column":null}},{"start":{"line":70,"column":6},"end":{"line":70,"column":null}},{"start":{"line":71,"column":6},"end":{"line":71,"column":null}},{"start":{"line":72,"column":6},"end":{"line":72,"column":26}}]},"4":{"loc":{"start":{"line":79,"column":4},"end":{"line":81,"column":null}},"type":"if","locations":[{"start":{"line":79,"column":4},"end":{"line":81,"column":null}}]}},"s":{"0":26,"1":2,"2":2,"3":26,"4":26,"5":25,"6":25,"7":23,"8":23,"9":3,"10":16,"11":6,"12":10,"13":16,"14":16,"15":0},"f":{"0":26},"b":{"0":[3],"1":[23,18,17],"2":[6],"3":[16,14,13,12,11],"4":[16]}}
,"E:\\sc\\AI-learning-Route-Builder\\ai\\questionGenerator.ts": {"path":"E:\\sc\\AI-learning-Route-Builder\\ai\\questionGenerator.ts","statementMap":{"0":{"start":{"line":46,"column":22},"end":{"line":46,"column":null}},"1":{"start":{"line":1,"column":61},"end":{"line":1,"column":null}},"2":{"start":{"line":2,"column":43},"end":{"line":2,"column":null}},"3":{"start":{"line":50,"column":2},"end":{"line":80,"column":null}},"4":{"start":{"line":52,"column":21},"end":{"line":52,"column":null}},"5":{"start":{"line":53,"column":19},"end":{"line":53,"column":null}},"6":{"start":{"line":56,"column":21},"end":{"line":56,"column":null}},"7":{"start":{"line":59,"column":22},"end":{"line":59,"column":null}},"8":{"start":{"line":62,"column":4},"end":{"line":64,"column":null}},"9":{"start":{"line":63,"column":6},"end":{"line":63,"column":null}},"10":{"start":{"line":66,"column":4},"end":{"line":72,"column":null}},"11":{"start":{"line":71,"column":6},"end":{"line":71,"column":null}},"12":{"start":{"line":74,"column":4},"end":{"line":74,"column":null}},"13":{"start":{"line":76,"column":4},"end":{"line":78,"column":null}},"14":{"start":{"line":77,"column":6},"end":{"line":77,"column":null}},"15":{"start":{"line":79,"column":4},"end":{"line":79,"column":null}}},"fnMap":{"0":{"name":"generateQuestions","decl":{"start":{"line":46,"column":22},"end":{"line":46,"column":null}},"loc":{"start":{"line":48,"column":17},"end":{"line":81,"column":null}}}},"branchMap":{"0":{"loc":{"start":{"line":62,"column":4},"end":{"line":64,"column":null}},"type":"if","locations":[{"start":{"line":62,"column":4},"end":{"line":64,"column":null}}]},"1":{"loc":{"start":{"line":62,"column":8},"end":{"line":62,"column":72}},"type":"binary-expr","locations":[{"start":{"line":62,"column":8},"end":{"line":62,"column":26}},{"start":{"line":62,"column":30},"end":{"line":62,"column":48}},{"start":{"line":62,"column":52},"end":{"line":62,"column":72}}]},"2":{"loc":{"start":{"line":66,"column":4},"end":{"line":72,"column":null}},"type":"if","locations":[{"start":{"line":66,"column":4},"end":{"line":72,"column":null}}]},"3":{"loc":{"start":{"line":67,"column":6},"end":{"line":69,"column":null}},"type":"binary-expr","locations":[{"start":{"line":67,"column":6},"end":{"line":67,"column":null}},{"start":{"line":68,"column":6},"end":{"line":68,"column":null}},{"start":{"line":69,"column":6},"end":{"line":69,"column":null}}]},"4":{"loc":{"start":{"line":76,"column":4},"end":{"line":78,"column":null}},"type":"if","locations":[{"start":{"line":76,"column":4},"end":{"line":78,"column":null}}]}},"s":{"0":19,"1":2,"2":2,"3":19,"4":19,"5":19,"6":19,"7":17,"8":16,"9":3,"10":13,"11":2,"12":11,"13":8,"14":8,"15":0},"f":{"0":19},"b":{"0":[3],"1":[16,15,14],"2":[2],"3":[13,12,11],"4":[8]}}
,"E:\\sc\\AI-learning-Route-Builder\\ai\\resourcesGenerator.ts": {"path":"E:\\sc\\AI-learning-Route-Builder\\ai\\resourcesGenerator.ts","statementMap":{"0":{"start":{"line":40,"column":22},"end":{"line":40,"column":40}},"1":{"start":{"line":1,"column":61},"end":{"line":1,"column":null}},"2":{"start":{"line":2,"column":43},"end":{"line":2,"column":null}},"3":{"start":{"line":41,"column":2},"end":{"line":71,"column":null}},"4":{"start":{"line":43,"column":21},"end":{"line":43,"column":null}},"5":{"start":{"line":44,"column":19},"end":{"line":44,"column":null}},"6":{"start":{"line":47,"column":21},"end":{"line":47,"column":null}},"7":{"start":{"line":50,"column":22},"end":{"line":50,"column":null}},"8":{"start":{"line":53,"column":4},"end":{"line":55,"column":null}},"9":{"start":{"line":54,"column":6},"end":{"line":54,"column":null}},"10":{"start":{"line":57,"column":4},"end":{"line":63,"column":null}},"11":{"start":{"line":62,"column":6},"end":{"line":62,"column":null}},"12":{"start":{"line":65,"column":4},"end":{"line":65,"column":null}},"13":{"start":{"line":67,"column":4},"end":{"line":69,"column":null}},"14":{"start":{"line":68,"column":6},"end":{"line":68,"column":null}},"15":{"start":{"line":70,"column":4},"end":{"line":70,"column":null}}},"fnMap":{"0":{"name":"generateResources","decl":{"start":{"line":40,"column":22},"end":{"line":40,"column":40}},"loc":{"start":{"line":40,"column":55},"end":{"line":72,"column":null}}}},"branchMap":{"0":{"loc":{"start":{"line":53,"column":4},"end":{"line":55,"column":null}},"type":"if","locations":[{"start":{"line":53,"column":4},"end":{"line":55,"column":null}}]},"1":{"loc":{"start":{"line":53,"column":8},"end":{"line":53,"column":50}},"type":"binary-expr","locations":[{"start":{"line":53,"column":8},"end":{"line":53,"column":26}},{"start":{"line":53,"column":30},"end":{"line":53,"column":50}}]},"2":{"loc":{"start":{"line":57,"column":4},"end":{"line":63,"column":null}},"type":"if","locations":[{"start":{"line":57,"column":4},"end":{"line":63,"column":null}}]},"3":{"loc":{"start":{"line":58,"column":6},"end":{"line":60,"column":null}},"type":"binary-expr","locations":[{"start":{"line":58,"column":6},"end":{"line":58,"column":null}},{"start":{"line":59,"column":6},"end":{"line":59,"column":null}},{"start":{"line":60,"column":6},"end":{"line":60,"column":null}}]},"4":{"loc":{"start":{"line":67,"column":4},"end":{"line":69,"column":null}},"type":"if","locations":[{"start":{"line":67,"column":4},"end":{"line":69,"column":null}}]}},"s":{"0":23,"1":2,"2":2,"3":23,"4":23,"5":22,"6":22,"7":19,"8":19,"9":2,"10":17,"11":3,"12":14,"13":9,"14":8,"15":1},"f":{"0":23},"b":{"0":[2],"1":[19,18],"2":[3],"3":[17,16,15],"4":[8]}}
,"E:\\sc\\AI-learning-Route-Builder\\ai\\roadmapGenerator.ts": {"path":"E:\\sc\\AI-learning-Route-Builder\\ai\\roadmapGenerator.ts","statementMap":{"0":{"start":{"line":14,"column":22},"end":{"line":14,"column":38}},"1":{"start":{"line":1,"column":61},"end":{"line":1,"column":null}},"2":{"start":{"line":2,"column":43},"end":{"line":2,"column":null}},"3":{"start":{"line":15,"column":2},"end":{"line":37,"column":null}},"4":{"start":{"line":17,"column":21},"end":{"line":17,"column":null}},"5":{"start":{"line":18,"column":19},"end":{"line":18,"column":null}},"6":{"start":{"line":21,"column":21},"end":{"line":21,"column":null}},"7":{"start":{"line":24,"column":20},"end":{"line":24,"column":null}},"8":{"start":{"line":27,"column":4},"end":{"line":29,"column":null}},"9":{"start":{"line":28,"column":6},"end":{"line":28,"column":null}},"10":{"start":{"line":31,"column":4},"end":{"line":31,"column":null}},"11":{"start":{"line":33,"column":4},"end":{"line":35,"column":null}},"12":{"start":{"line":34,"column":6},"end":{"line":34,"column":null}},"13":{"start":{"line":36,"column":4},"end":{"line":36,"column":null}}},"fnMap":{"0":{"name":"generateRoadmap","decl":{"start":{"line":14,"column":22},"end":{"line":14,"column":38}},"loc":{"start":{"line":14,"column":53},"end":{"line":38,"column":null}}}},"branchMap":{"0":{"loc":{"start":{"line":27,"column":4},"end":{"line":29,"column":null}},"type":"if","locations":[{"start":{"line":27,"column":4},"end":{"line":29,"column":null}}]},"1":{"loc":{"start":{"line":27,"column":8},"end":{"line":27,"column":62}},"type":"binary-expr","locations":[{"start":{"line":27,"column":8},"end":{"line":27,"column":24}},{"start":{"line":27,"column":28},"end":{"line":27,"column":62}}]},"2":{"loc":{"start":{"line":33,"column":4},"end":{"line":35,"column":null}},"type":"if","locations":[{"start":{"line":33,"column":4},"end":{"line":35,"column":null}}]}},"s":{"0":45,"1":2,"2":2,"3":45,"4":45,"5":44,"6":44,"7":41,"8":40,"9":8,"10":26,"11":19,"12":18,"13":1},"f":{"0":45},"b":{"0":[8],"1":[40,31],"2":[18]}}
,"E:\\sc\\AI-learning-Route-Builder\\lib\\auth-context.tsx": {"path":"E:\\sc\\AI-learning-Route-Builder\\lib\\auth-context.tsx","statementMap":{"0":{"start":{"line":22,"column":16},"end":{"line":22,"column":29}},"1":{"start":{"line":85,"column":16},"end":{"line":85,"column":null}},"2":{"start":{"line":3,"column":74},"end":{"line":3,"column":null}},"3":{"start":{"line":20,"column":20},"end":{"line":20,"column":null}},"4":{"start":{"line":23,"column":26},"end":{"line":23,"column":null}},"5":{"start":{"line":25,"column":2},"end":{"line":42,"column":null}},"6":{"start":{"line":27,"column":4},"end":{"line":27,"column":null}},"7":{"start":{"line":30,"column":32},"end":{"line":32,"column":null}},"8":{"start":{"line":31,"column":6},"end":{"line":31,"column":null}},"9":{"start":{"line":34,"column":4},"end":{"line":34,"column":null}},"10":{"start":{"line":36,"column":4},"end":{"line":36,"column":null}},"11":{"start":{"line":38,"column":4},"end":{"line":41,"column":null}},"12":{"start":{"line":39,"column":6},"end":{"line":39,"column":null}},"13":{"start":{"line":40,"column":6},"end":{"line":40,"column":null}},"14":{"start":{"line":44,"column":20},"end":{"line":54,"column":null}},"15":{"start":{"line":45,"column":4},"end":{"line":45,"column":null}},"16":{"start":{"line":45,"column":39},"end":{"line":45,"column":null}},"17":{"start":{"line":46,"column":4},"end":{"line":53,"column":null}},"18":{"start":{"line":47,"column":20},"end":{"line":47,"column":null}},"19":{"start":{"line":48,"column":6},"end":{"line":50,"column":null}},"20":{"start":{"line":49,"column":8},"end":{"line":49,"column":null}},"21":{"start":{"line":52,"column":6},"end":{"line":52,"column":null}},"22":{"start":{"line":56,"column":16},"end":{"line":61,"column":null}},"23":{"start":{"line":57,"column":4},"end":{"line":57,"column":null}},"24":{"start":{"line":58,"column":4},"end":{"line":60,"column":null}},"25":{"start":{"line":59,"column":6},"end":{"line":59,"column":null}},"26":{"start":{"line":63,"column":17},"end":{"line":68,"column":null}},"27":{"start":{"line":64,"column":4},"end":{"line":64,"column":null}},"28":{"start":{"line":65,"column":4},"end":{"line":67,"column":null}},"29":{"start":{"line":66,"column":6},"end":{"line":66,"column":null}},"30":{"start":{"line":86,"column":18},"end":{"line":86,"column":null}},"31":{"start":{"line":87,"column":2},"end":{"line":89,"column":null}},"32":{"start":{"line":88,"column":4},"end":{"line":88,"column":null}},"33":{"start":{"line":90,"column":2},"end":{"line":90,"column":null}}},"fnMap":{"0":{"name":"AuthProvider","decl":{"start":{"line":22,"column":16},"end":{"line":22,"column":29}},"loc":{"start":{"line":22,"column":66},"end":{"line":83,"column":null}}},"1":{"name":"(anonymous_4)","decl":{"start":{"line":25,"column":12},"end":{"line":25,"column":null}},"loc":{"start":{"line":25,"column":12},"end":{"line":42,"column":5}}},"2":{"name":"(anonymous_5)","decl":{"start":{"line":30,"column":32},"end":{"line":30,"column":null}},"loc":{"start":{"line":30,"column":32},"end":{"line":32,"column":null}}},"3":{"name":"(anonymous_6)","decl":{"start":{"line":38,"column":11},"end":{"line":38,"column":null}},"loc":{"start":{"line":38,"column":11},"end":{"line":41,"column":null}}},"4":{"name":"(anonymous_7)","decl":{"start":{"line":44,"column":20},"end":{"line":44,"column":null}},"loc":{"start":{"line":44,"column":20},"end":{"line":54,"column":null}}},"5":{"name":"(anonymous_8)","decl":{"start":{"line":56,"column":16},"end":{"line":56,"column":17}},"loc":{"start":{"line":56,"column":17},"end":{"line":61,"column":null}}},"6":{"name":"(anonymous_9)","decl":{"start":{"line":63,"column":17},"end":{"line":63,"column":null}},"loc":{"start":{"line":63,"column":17},"end":{"line":68,"column":null}}},"7":{"name":"useAuth","decl":{"start":{"line":85,"column":16},"end":{"line":85,"column":null}},"loc":{"start":{"line":85,"column":16},"end":{"line":91,"column":null}}}},"branchMap":{"0":{"loc":{"start":{"line":45,"column":4},"end":{"line":45,"column":null}},"type":"if","locations":[{"start":{"line":45,"column":4},"end":{"line":45,"column":null}}]},"1":{"loc":{"start":{"line":48,"column":6},"end":{"line":50,"column":null}},"type":"if","locations":[{"start":{"line":48,"column":6},"end":{"line":50,"column":null}}]},"2":{"loc":{"start":{"line":58,"column":4},"end":{"line":60,"column":null}},"type":"if","locations":[{"start":{"line":58,"column":4},"end":{"line":60,"column":null}}]},"3":{"loc":{"start":{"line":65,"column":4},"end":{"line":67,"column":null}},"type":"if","locations":[{"start":{"line":65,"column":4},"end":{"line":67,"column":null}}]},"4":{"loc":{"start":{"line":87,"column":2},"end":{"line":89,"column":null}},"type":"if","locations":[{"start":{"line":87,"column":2},"end":{"line":89,"column":null}}]}},"s":{"0":0,"1":0,"2":0,"3":0,"4":0,"5":0,"6":0,"7":0,"8":0,"9":0,"10":0,"11":0,"12":0,"13":0,"14":0,"15":0,"16":0,"17":0,"18":0,"19":0,"20":0,"21":0,"22":0,"23":0,"24":0,"25":0,"26":0,"27":0,"28":0,"29":0,"30":0,"31":0,"32":0,"33":0},"f":{"0":0,"1":0,"2":0,"3":0,"4":0,"5":0,"6":0,"7":0},"b":{"0":[0],"1":[0],"2":[0],"3":[0],"4":[0]}}
,"E:\\sc\\AI-learning-Route-Builder\\lib\\llm-client.ts": {"path":"E:\\sc\\AI-learning-Route-Builder\\lib\\llm-client.ts","statementMap":{"0":{"start":{"line":59,"column":22},"end":{"line":59,"column":null}},"1":{"start":{"line":126,"column":16},"end":{"line":126,"column":37}},"2":{"start":{"line":1,"column":35},"end":{"line":1,"column":null}},"3":{"start":{"line":4,"column":0},"end":{"line":10,"column":null}},"4":{"start":{"line":6,"column":17},"end":{"line":6,"column":43}},"5":{"start":{"line":7,"column":2},"end":{"line":9,"column":null}},"6":{"start":{"line":8,"column":4},"end":{"line":8,"column":null}},"7":{"start":{"line":13,"column":14},"end":{"line":13,"column":null}},"8":{"start":{"line":29,"column":2},"end":{"line":54,"column":null}},"9":{"start":{"line":29,"column":21},"end":{"line":29,"column":24}},"10":{"start":{"line":30,"column":4},"end":{"line":53,"column":null}},"11":{"start":{"line":31,"column":6},"end":{"line":31,"column":null}},"12":{"start":{"line":33,"column":28},"end":{"line":33,"column":null}},"13":{"start":{"line":34,"column":26},"end":{"line":34,"column":null}},"14":{"start":{"line":36,"column":6},"end":{"line":49,"column":null}},"15":{"start":{"line":38,"column":20},"end":{"line":38,"column":null}},"16":{"start":{"line":41,"column":27},"end":{"line":41,"column":null}},"17":{"start":{"line":42,"column":8},"end":{"line":44,"column":null}},"18":{"start":{"line":43,"column":10},"end":{"line":43,"column":null}},"19":{"start":{"line":46,"column":8},"end":{"line":46,"column":null}},"20":{"start":{"line":47,"column":8},"end":{"line":47,"column":null}},"21":{"start":{"line":47,"column":37},"end":{"line":47,"column":null}},"22":{"start":{"line":48,"column":8},"end":{"line":48,"column":null}},"23":{"start":{"line":52,"column":6},"end":{"line":52,"column":null}},"24":{"start":{"line":56,"column":2},"end":{"line":56,"column":null}},"25":{"start":{"line":63,"column":2},"end":{"line":65,"column":null}},"26":{"start":{"line":64,"column":4},"end":{"line":64,"column":null}},"27":{"start":{"line":68,"column":2},"end":{"line":118,"column":null}},"28":{"start":{"line":69,"column":4},"end":{"line":117,"column":null}},"29":{"start":{"line":71,"column":28},"end":{"line":78,"column":null}},"30":{"start":{"line":81,"column":23},"end":{"line":83,"column":10}},"31":{"start":{"line":87,"column":19},"end":{"line":87,"column":null}},"32":{"start":{"line":90,"column":18},"end":{"line":90,"column":null}},"33":{"start":{"line":91,"column":4},"end":{"line":94,"column":null}},"34":{"start":{"line":92,"column":24},"end":{"line":92,"column":null}},"35":{"start":{"line":93,"column":6},"end":{"line":93,"column":null}},"36":{"start":{"line":97,"column":4},"end":{"line":102,"column":null}},"37":{"start":{"line":98,"column":6},"end":{"line":98,"column":null}},"38":{"start":{"line":99,"column":29},"end":{"line":99,"column":null}},"39":{"start":{"line":100,"column":31},"end":{"line":100,"column":54}},"40":{"start":{"line":101,"column":6},"end":{"line":101,"column":null}},"41":{"start":{"line":104,"column":4},"end":{"line":106,"column":null}},"42":{"start":{"line":105,"column":6},"end":{"line":105,"column":null}},"43":{"start":{"line":109,"column":4},"end":{"line":109,"column":null}},"44":{"start":{"line":111,"column":6},"end":{"line":111,"column":null}},"45":{"start":{"line":113,"column":6},"end":{"line":115,"column":null}},"46":{"start":{"line":114,"column":8},"end":{"line":114,"column":null}},"47":{"start":{"line":116,"column":6},"end":{"line":116,"column":null}},"48":{"start":{"line":127,"column":2},"end":{"line":177,"column":null}},"49":{"start":{"line":129,"column":18},"end":{"line":129,"column":null}},"50":{"start":{"line":130,"column":4},"end":{"line":134,"column":null}},"51":{"start":{"line":131,"column":6},"end":{"line":131,"column":null}},"52":{"start":{"line":132,"column":11},"end":{"line":134,"column":null}},"53":{"start":{"line":133,"column":6},"end":{"line":133,"column":null}},"54":{"start":{"line":137,"column":27},"end":{"line":137,"column":null}},"55":{"start":{"line":138,"column":4},"end":{"line":150,"column":null}},"56":{"start":{"line":140,"column":25},"end":{"line":140,"column":66}},"57":{"start":{"line":141,"column":26},"end":{"line":141,"column":67}},"58":{"start":{"line":142,"column":27},"end":{"line":142,"column":69}},"59":{"start":{"line":143,"column":28},"end":{"line":143,"column":70}},"60":{"start":{"line":145,"column":6},"end":{"line":149,"column":null}},"61":{"start":{"line":146,"column":8},"end":{"line":146,"column":null}},"62":{"start":{"line":147,"column":8},"end":{"line":147,"column":null}},"63":{"start":{"line":148,"column":8},"end":{"line":148,"column":null}},"64":{"start":{"line":153,"column":4},"end":{"line":153,"column":null}},"65":{"start":{"line":156,"column":25},"end":{"line":156,"column":null}},"66":{"start":{"line":157,"column":28},"end":{"line":159,"column":null}},"67":{"start":{"line":161,"column":4},"end":{"line":161,"column":null}},"68":{"start":{"line":162,"column":4},"end":{"line":162,"column":null}},"69":{"start":{"line":163,"column":4},"end":{"line":163,"column":null}},"70":{"start":{"line":164,"column":4},"end":{"line":164,"column":null}},"71":{"start":{"line":167,"column":24},"end":{"line":169,"column":null}},"72":{"start":{"line":172,"column":4},"end":{"line":174,"column":null}},"73":{"start":{"line":173,"column":6},"end":{"line":173,"column":null}},"74":{"start":{"line":176,"column":4},"end":{"line":176,"column":null}}},"fnMap":{"0":{"name":"retryWithBackoff","decl":{"start":{"line":24,"column":15},"end":{"line":24,"column":null}},"loc":{"start":{"line":27,"column":26},"end":{"line":57,"column":null}}},"1":{"name":"(anonymous_4)","decl":{"start":{"line":47,"column":26},"end":{"line":47,"column":37}},"loc":{"start":{"line":47,"column":37},"end":{"line":47,"column":null}}},"2":{"name":"callLLM","decl":{"start":{"line":59,"column":22},"end":{"line":59,"column":null}},"loc":{"start":{"line":61,"column":36},"end":{"line":119,"column":null}}},"3":{"name":"(anonymous_6)","decl":{"start":{"line":68,"column":26},"end":{"line":68,"column":null}},"loc":{"start":{"line":68,"column":26},"end":{"line":118,"column":null}}},"4":{"name":"parseJSONResponse","decl":{"start":{"line":126,"column":16},"end":{"line":126,"column":37}},"loc":{"start":{"line":126,"column":53},"end":{"line":178,"column":null}}}},"branchMap":{"0":{"loc":{"start":{"line":4,"column":0},"end":{"line":10,"column":null}},"type":"if","locations":[{"start":{"line":4,"column":0},"end":{"line":10,"column":null}}]},"1":{"loc":{"start":{"line":4,"column":4},"end":{"line":4,"column":49}},"type":"binary-expr","locations":[{"start":{"line":4,"column":4},"end":{"line":4,"column":38}},{"start":{"line":4,"column":38},"end":{"line":4,"column":49}}]},"2":{"loc":{"start":{"line":7,"column":2},"end":{"line":9,"column":null}},"type":"if","locations":[{"start":{"line":7,"column":2},"end":{"line":9,"column":null}}]},"3":{"loc":{"start":{"line":7,"column":6},"end":{"line":7,"column":48}},"type":"binary-expr","locations":[{"start":{"line":7,"column":6},"end":{"line":7,"column":17}},{"start":{"line":7,"column":17},"end":{"line":7,"column":48}}]},"4":{"loc":{"start":{"line":13,"column":37},"end":{"line":13,"column":null}},"type":"binary-expr","locations":[{"start":{"line":13,"column":37},"end":{"line":13,"column":63}},{"start":{"line":13,"column":67},"end":{"line":13,"column":null}}]},"5":{"loc":{"start":{"line":26,"column":2},"end":{"line":26,"column":24}},"type":"default-arg","locations":[{"start":{"line":26,"column":23},"end":{"line":26,"column":24}}]},"6":{"loc":{"start":{"line":27,"column":2},"end":{"line":27,"column":26}},"type":"default-arg","locations":[{"start":{"line":27,"column":22},"end":{"line":27,"column":26}}]},"7":{"loc":{"start":{"line":34,"column":26},"end":{"line":34,"column":null}},"type":"binary-expr","locations":[{"start":{"line":34,"column":26},"end":{"line":34,"column":61}},{"start":{"line":34,"column":61},"end":{"line":34,"column":98}},{"start":{"line":34,"column":98},"end":{"line":34,"column":null}}]},"8":{"loc":{"start":{"line":36,"column":6},"end":{"line":49,"column":null}},"type":"if","locations":[{"start":{"line":36,"column":6},"end":{"line":49,"column":null}}]},"9":{"loc":{"start":{"line":36,"column":10},"end":{"line":36,"column":41}},"type":"binary-expr","locations":[{"start":{"line":36,"column":10},"end":{"line":36,"column":25}},{"start":{"line":36,"column":25},"end":{"line":36,"column":41}}]},"10":{"loc":{"start":{"line":42,"column":8},"end":{"line":44,"column":null}},"type":"if","locations":[{"start":{"line":42,"column":8},"end":{"line":44,"column":null}}]},"11":{"loc":{"start":{"line":61,"column":2},"end":{"line":61,"column":36}},"type":"default-arg","locations":[{"start":{"line":61,"column":18},"end":{"line":61,"column":36}}]},"12":{"loc":{"start":{"line":63,"column":2},"end":{"line":65,"column":null}},"type":"if","locations":[{"start":{"line":63,"column":2},"end":{"line":65,"column":null}}]},"13":{"loc":{"start":{"line":97,"column":4},"end":{"line":102,"column":null}},"type":"if","locations":[{"start":{"line":97,"column":4},"end":{"line":102,"column":null}}]},"14":{"loc":{"start":{"line":97,"column":8},"end":{"line":97,"column":49}},"type":"binary-expr","locations":[{"start":{"line":97,"column":8},"end":{"line":97,"column":20}},{"start":{"line":97,"column":20},"end":{"line":97,"column":49}}]},"15":{"loc":{"start":{"line":104,"column":4},"end":{"line":106,"column":null}},"type":"if","locations":[{"start":{"line":104,"column":4},"end":{"line":106,"column":null}}]},"16":{"loc":{"start":{"line":104,"column":8},"end":{"line":104,"column":49}},"type":"binary-expr","locations":[{"start":{"line":104,"column":8},"end":{"line":104,"column":20}},{"start":{"line":104,"column":20},"end":{"line":104,"column":49}}]},"17":{"loc":{"start":{"line":113,"column":6},"end":{"line":115,"column":null}},"type":"if","locations":[{"start":{"line":113,"column":6},"end":{"line":115,"column":null}}]},"18":{"loc":{"start":{"line":130,"column":4},"end":{"line":134,"column":null}},"type":"if","locations":[{"start":{"line":130,"column":4},"end":{"line":134,"column":null}},{"start":{"line":132,"column":11},"end":{"line":134,"column":null}}]},"19":{"loc":{"start":{"line":132,"column":11},"end":{"line":134,"column":null}},"type":"if","locations":[{"start":{"line":132,"column":11},"end":{"line":134,"column":null}}]},"20":{"loc":{"start":{"line":138,"column":4},"end":{"line":150,"column":null}},"type":"if","locations":[{"start":{"line":138,"column":4},"end":{"line":150,"column":null}}]},"21":{"loc":{"start":{"line":140,"column":26},"end":{"line":140,"column":57}},"type":"binary-expr","locations":[{"start":{"line":140,"column":26},"end":{"line":140,"column":56}},{"start":{"line":140,"column":56},"end":{"line":140,"column":57}}]},"22":{"loc":{"start":{"line":141,"column":27},"end":{"line":141,"column":58}},"type":"binary-expr","locations":[{"start":{"line":141,"column":27},"end":{"line":141,"column":57}},{"start":{"line":141,"column":57},"end":{"line":141,"column":58}}]},"23":{"loc":{"start":{"line":142,"column":28},"end":{"line":142,"column":60}},"type":"binary-expr","locations":[{"start":{"line":142,"column":28},"end":{"line":142,"column":59}},{"start":{"line":142,"column":59},"end":{"line":142,"column":60}}]},"24":{"loc":{"start":{"line":143,"column":29},"end":{"line":143,"column":61}},"type":"binary-expr","locations":[{"start":{"line":143,"column":29},"end":{"line":143,"column":60}},{"start":{"line":143,"column":60},"end":{"line":143,"column":61}}]},"25":{"loc":{"start":{"line":145,"column":6},"end":{"line":149,"column":null}},"type":"if","locations":[{"start":{"line":145,"column":6},"end":{"line":149,"column":null}}]},"26":{"loc":{"start":{"line":145,"column":10},"end":{"line":145,"column":72}},"type":"binary-expr","locations":[{"start":{"line":145,"column":10},"end":{"line":145,"column":40}},{"start":{"line":145,"column":40},"end":{"line":145,"column":72}}]},"27":{"loc":{"start":{"line":156,"column":25},"end":{"line":156,"column":null}},"type":"cond-expr","locations":[{"start":{"line":156,"column":50},"end":{"line":156,"column":63}},{"start":{"line":156,"column":66},"end":{"line":156,"column":null}}]},"28":{"loc":{"start":{"line":157,"column":28},"end":{"line":159,"column":null}},"type":"cond-expr","locations":[{"start":{"line":158,"column":8},"end":{"line":158,"column":null}},{"start":{"line":159,"column":8},"end":{"line":159,"column":null}}]},"29":{"loc":{"start":{"line":167,"column":24},"end":{"line":169,"column":null}},"type":"binary-expr","locations":[{"start":{"line":167,"column":24},"end":{"line":167,"column":null}},{"start":{"line":168,"column":6},"end":{"line":168,"column":null}},{"start":{"line":169,"column":6},"end":{"line":169,"column":null}}]},"30":{"loc":{"start":{"line":172,"column":4},"end":{"line":174,"column":null}},"type":"if","locations":[{"start":{"line":172,"column":4},"end":{"line":174,"column":null}}]}},"s":{"0":5,"1":48,"2":6,"3":6,"4":6,"5":6,"6":0,"7":6,"8":0,"9":0,"10":0,"11":0,"12":0,"13":0,"14":0,"15":0,"16":0,"17":0,"18":0,"19":0,"20":0,"21":0,"22":0,"23":0,"24":0,"25":0,"26":0,"27":0,"28":0,"29":0,"30":0,"31":0,"32":0,"33":0,"34":0,"35":0,"36":0,"37":0,"38":0,"39":0,"40":0,"41":0,"42":0,"43":0,"44":0,"45":0,"46":0,"47":0,"48":43,"49":43,"50":43,"51":5,"52":38,"53":2,"54":43,"55":43,"56":41,"57":41,"58":41,"59":41,"60":41,"61":4,"62":4,"63":4,"64":43,"65":10,"66":10,"67":10,"68":10,"69":10,"70":10,"71":10,"72":10,"73":0,"74":10},"f":{"0":0,"1":0,"2":0,"3":0,"4":43},"b":{"0":[6],"1":[6,6],"2":[0],"3":[6,0],"4":[6,0],"5":[0],"6":[0],"7":[0,0,0],"8":[0],"9":[0,0],"10":[0],"11":[0],"12":[0],"13":[0],"14":[0,0],"15":[0],"16":[0,0],"17":[0],"18":[5,38],"19":[2],"20":[41],"21":[41,8],"22":[41,11],"23":[41,30],"24":[41,32],"25":[4],"26":[41,38],"27":[10,0],"28":[0,10],"29":[10,0,0],"30":[0]}}
,"E:\\sc\\AI-learning-Route-Builder\\lib\\prompt-loader.ts": {"path":"E:\\sc\\AI-learning-Route-Builder\\lib\\prompt-loader.ts","statementMap":{"0":{"start":{"line":9,"column":22},"end":{"line":9,"column":41}},"1":{"start":{"line":25,"column":16},"end":{"line":25,"column":null}},"2":{"start":{"line":1,"column":25},"end":{"line":1,"column":null}},"3":{"start":{"line":2,"column":21},"end":{"line":2,"column":null}},"4":{"start":{"line":10,"column":2},"end":{"line":16,"column":null}},"5":{"start":{"line":11,"column":25},"end":{"line":11,"column":null}},"6":{"start":{"line":12,"column":21},"end":{"line":12,"column":null}},"7":{"start":{"line":13,"column":4},"end":{"line":13,"column":null}},"8":{"start":{"line":15,"column":4},"end":{"line":15,"column":null}},"9":{"start":{"line":29,"column":15},"end":{"line":29,"column":null}},"10":{"start":{"line":30,"column":2},"end":{"line":33,"column":null}},"11":{"start":{"line":31,"column":18},"end":{"line":31,"column":null}},"12":{"start":{"line":32,"column":4},"end":{"line":32,"column":null}},"13":{"start":{"line":34,"column":2},"end":{"line":34,"column":null}}},"fnMap":{"0":{"name":"loadPromptTemplate","decl":{"start":{"line":9,"column":22},"end":{"line":9,"column":41}},"loc":{"start":{"line":9,"column":61},"end":{"line":17,"column":null}}},"1":{"name":"replaceTemplateVariables","decl":{"start":{"line":25,"column":16},"end":{"line":25,"column":null}},"loc":{"start":{"line":27,"column":35},"end":{"line":35,"column":null}}}},"branchMap":{},"s":{"0":15,"1":42,"2":6,"3":6,"4":11,"5":11,"6":11,"7":11,"8":0,"9":38,"10":38,"11":47,"12":47,"13":38},"f":{"0":11,"1":38},"b":{}}
,"E:\\sc\\AI-learning-Route-Builder\\lib\\supabase-server.ts": {"path":"E:\\sc\\AI-learning-Route-Builder\\lib\\supabase-server.ts","statementMap":{"0":{"start":{"line":11,"column":13},"end":{"line":11,"column":24}},"1":{"start":{"line":1,"column":29},"end":{"line":1,"column":null}},"2":{"start":{"line":3,"column":20},"end":{"line":3,"column":56}},"3":{"start":{"line":4,"column":24},"end":{"line":4,"column":65}},"4":{"start":{"line":6,"column":0},"end":{"line":8,"column":null}},"5":{"start":{"line":7,"column":2},"end":{"line":7,"column":null}},"6":{"start":{"line":11,"column":24},"end":{"line":11,"column":null}}},"fnMap":{},"branchMap":{"0":{"loc":{"start":{"line":6,"column":0},"end":{"line":8,"column":null}},"type":"if","locations":[{"start":{"line":6,"column":0},"end":{"line":8,"column":null}}]},"1":{"loc":{"start":{"line":6,"column":4},"end":{"line":6,"column":38}},"type":"binary-expr","locations":[{"start":{"line":6,"column":4},"end":{"line":6,"column":20}},{"start":{"line":6,"column":20},"end":{"line":6,"column":38}}]}},"s":{"0":0,"1":0,"2":0,"3":0,"4":0,"5":0,"6":0},"f":{},"b":{"0":[0],"1":[0,0]}}
,"E:\\sc\\AI-learning-Route-Builder\\lib\\supabase.ts": {"path":"E:\\sc\\AI-learning-Route-Builder\\lib\\supabase.ts","statementMap":{"0":{"start":{"line":10,"column":13},"end":{"line":10,"column":24}},"1":{"start":{"line":1,"column":29},"end":{"line":1,"column":null}},"2":{"start":{"line":3,"column":20},"end":{"line":3,"column":56}},"3":{"start":{"line":4,"column":24},"end":{"line":4,"column":65}},"4":{"start":{"line":6,"column":0},"end":{"line":8,"column":null}},"5":{"start":{"line":7,"column":2},"end":{"line":7,"column":null}},"6":{"start":{"line":10,"column":24},"end":{"line":10,"column":null}}},"fnMap":{},"branchMap":{"0":{"loc":{"start":{"line":6,"column":0},"end":{"line":8,"column":null}},"type":"if","locations":[{"start":{"line":6,"column":0},"end":{"line":8,"column":null}}]},"1":{"loc":{"start":{"line":6,"column":4},"end":{"line":6,"column":38}},"type":"binary-expr","locations":[{"start":{"line":6,"column":4},"end":{"line":6,"column":20}},{"start":{"line":6,"column":20},"end":{"line":6,"column":38}}]}},"s":{"0":0,"1":0,"2":0,"3":0,"4":0,"5":0,"6":0},"f":{},"b":{"0":[0],"1":[0,0]}}
,"E:\\sc\\AI-learning-Route-Builder\\lib\\utils.ts": {"path":"E:\\sc\\AI-learning-Route-Builder\\lib\\utils.ts","statementMap":{"0":{"start":{"line":4,"column":16},"end":{"line":4,"column":19}},"1":{"start":{"line":1,"column":38},"end":{"line":1,"column":null}},"2":{"start":{"line":2,"column":24},"end":{"line":2,"column":null}},"3":{"start":{"line":5,"column":2},"end":{"line":5,"column":null}}},"fnMap":{"0":{"name":"cn","decl":{"start":{"line":4,"column":16},"end":{"line":4,"column":19}},"loc":{"start":{"line":4,"column":42},"end":{"line":6,"column":null}}}},"branchMap":{},"s":{"0":39,"1":1,"2":1,"3":39},"f":{"0":39},"b":{}}
}
