TN:
SF:ai\fullCourseGenerator.ts
FN:124,saveCourseIncrementally
FN:178,generateFullCourse
FNF:2
FNH:0
FNDA:0,saveCourseIncrementally
FNDA:0,generateFullCourse
DA:1,0
DA:2,0
DA:3,0
DA:4,0
DA:5,0
DA:128,0
DA:129,0
DA:130,0
DA:131,0
DA:134,0
DA:135,0
DA:139,0
DA:140,0
DA:141,0
DA:142,0
DA:143,0
DA:147,0
DA:151,0
DA:163,0
DA:164,0
DA:166,0
DA:178,0
DA:182,0
DA:183,0
DA:186,0
DA:187,0
DA:188,0
DA:189,0
DA:190,0
DA:193,0
DA:194,0
DA:197,0
DA:198,0
DA:201,0
DA:202,0
DA:205,0
DA:208,0
DA:209,0
DA:211,0
DA:213,0
DA:214,0
DA:216,0
LF:42
LH:0
BRDA:134,0,0,0
BRDA:141,1,0,0
BRDA:193,2,0,0
BRDA:193,3,0,0
BRDA:193,3,1,0
BRDA:197,4,0,0
BRDA:197,5,0,0
BRDA:197,5,1,0
BRDA:201,6,0,0
BRDA:213,7,0,0
BRF:10
BRH:0
end_of_record
TN:
SF:ai\notesGenerator.ts
FN:47,generateNotes
FNF:1
FNH:1
FNDA:26,generateNotes
DA:1,2
DA:2,2
DA:47,26
DA:51,26
DA:53,26
DA:54,25
DA:57,25
DA:60,23
DA:63,23
DA:64,3
DA:67,16
DA:74,6
DA:77,10
DA:79,16
DA:80,16
DA:82,0
LF:16
LH:15
BRDA:63,0,0,3
BRDA:63,1,0,23
BRDA:63,1,1,18
BRDA:63,1,2,17
BRDA:67,2,0,6
BRDA:68,3,0,16
BRDA:68,3,1,14
BRDA:68,3,2,13
BRDA:68,3,3,12
BRDA:68,3,4,11
BRDA:79,4,0,16
BRF:11
BRH:11
end_of_record
TN:
SF:ai\questionGenerator.ts
FN:46,generateQuestions
FNF:1
FNH:1
FNDA:19,generateQuestions
DA:1,2
DA:2,2
DA:46,19
DA:50,19
DA:52,19
DA:53,19
DA:56,19
DA:59,17
DA:62,16
DA:63,3
DA:66,13
DA:71,2
DA:74,11
DA:76,8
DA:77,8
DA:79,0
LF:16
LH:15
BRDA:62,0,0,3
BRDA:62,1,0,16
BRDA:62,1,1,15
BRDA:62,1,2,14
BRDA:66,2,0,2
BRDA:67,3,0,13
BRDA:67,3,1,12
BRDA:67,3,2,11
BRDA:76,4,0,8
BRF:9
BRH:9
end_of_record
TN:
SF:ai\resourcesGenerator.ts
FN:40,generateResources
FNF:1
FNH:1
FNDA:23,generateResources
DA:1,2
DA:2,2
DA:40,23
DA:41,23
DA:43,23
DA:44,22
DA:47,22
DA:50,19
DA:53,19
DA:54,2
DA:57,17
DA:62,3
DA:65,14
DA:67,9
DA:68,8
DA:70,1
LF:16
LH:16
BRDA:53,0,0,2
BRDA:53,1,0,19
BRDA:53,1,1,18
BRDA:57,2,0,3
BRDA:58,3,0,17
BRDA:58,3,1,16
BRDA:58,3,2,15
BRDA:67,4,0,8
BRF:8
BRH:8
end_of_record
TN:
SF:ai\roadmapGenerator.ts
FN:14,generateRoadmap
FNF:1
FNH:1
FNDA:45,generateRoadmap
DA:1,2
DA:2,2
DA:14,45
DA:15,45
DA:17,45
DA:18,44
DA:21,44
DA:24,41
DA:27,40
DA:28,8
DA:31,26
DA:33,19
DA:34,18
DA:36,1
LF:14
LH:14
BRDA:27,0,0,8
BRDA:27,1,0,40
BRDA:27,1,1,31
BRDA:33,2,0,18
BRF:4
BRH:4
end_of_record
TN:
SF:lib\auth-context.tsx
FN:22,AuthProvider
FN:25,(anonymous_4)
FN:30,(anonymous_5)
FN:38,(anonymous_6)
FN:44,(anonymous_7)
FN:56,(anonymous_8)
FN:63,(anonymous_9)
FN:85,useAuth
FNF:8
FNH:0
FNDA:0,AuthProvider
FNDA:0,(anonymous_4)
FNDA:0,(anonymous_5)
FNDA:0,(anonymous_6)
FNDA:0,(anonymous_7)
FNDA:0,(anonymous_8)
FNDA:0,(anonymous_9)
FNDA:0,useAuth
DA:3,0
DA:20,0
DA:22,0
DA:23,0
DA:25,0
DA:27,0
DA:30,0
DA:31,0
DA:34,0
DA:36,0
DA:38,0
DA:39,0
DA:40,0
DA:44,0
DA:45,0
DA:46,0
DA:47,0
DA:48,0
DA:49,0
DA:52,0
DA:56,0
DA:57,0
DA:58,0
DA:59,0
DA:63,0
DA:64,0
DA:65,0
DA:66,0
DA:85,0
DA:86,0
DA:87,0
DA:88,0
DA:90,0
LF:33
LH:0
BRDA:45,0,0,0
BRDA:48,1,0,0
BRDA:58,2,0,0
BRDA:65,3,0,0
BRDA:87,4,0,0
BRF:5
BRH:0
end_of_record
TN:
SF:lib\llm-client.ts
FN:24,retryWithBackoff
FN:47,(anonymous_4)
FN:59,callLLM
FN:68,(anonymous_6)
FN:126,parseJSONResponse
FNF:5
FNH:1
FNDA:0,retryWithBackoff
FNDA:0,(anonymous_4)
FNDA:0,callLLM
FNDA:0,(anonymous_6)
FNDA:43,parseJSONResponse
DA:1,6
DA:4,6
DA:6,6
DA:7,6
DA:8,0
DA:13,6
DA:29,0
DA:30,0
DA:31,0
DA:33,0
DA:34,0
DA:36,0
DA:38,0
DA:41,0
DA:42,0
DA:43,0
DA:46,0
DA:47,0
DA:48,0
DA:52,0
DA:56,0
DA:59,5
DA:63,0
DA:64,0
DA:68,0
DA:69,0
DA:71,0
DA:81,0
DA:87,0
DA:90,0
DA:91,0
DA:92,0
DA:93,0
DA:97,0
DA:98,0
DA:99,0
DA:100,0
DA:101,0
DA:104,0
DA:105,0
DA:109,0
DA:111,0
DA:113,0
DA:114,0
DA:116,0
DA:126,48
DA:127,43
DA:129,43
DA:130,43
DA:131,5
DA:132,38
DA:133,2
DA:137,43
DA:138,43
DA:140,41
DA:141,41
DA:142,41
DA:143,41
DA:145,41
DA:146,4
DA:147,4
DA:148,4
DA:153,43
DA:156,10
DA:157,10
DA:161,10
DA:162,10
DA:163,10
DA:164,10
DA:167,10
DA:172,10
DA:173,0
DA:176,10
LF:73
LH:33
BRDA:4,0,0,6
BRDA:4,1,0,6
BRDA:4,1,1,6
BRDA:7,2,0,0
BRDA:7,3,0,6
BRDA:7,3,1,0
BRDA:13,4,0,6
BRDA:13,4,1,0
BRDA:26,5,0,0
BRDA:27,6,0,0
BRDA:34,7,0,0
BRDA:34,7,1,0
BRDA:34,7,2,0
BRDA:36,8,0,0
BRDA:36,9,0,0
BRDA:36,9,1,0
BRDA:42,10,0,0
BRDA:61,11,0,0
BRDA:63,12,0,0
BRDA:97,13,0,0
BRDA:97,14,0,0
BRDA:97,14,1,0
BRDA:104,15,0,0
BRDA:104,16,0,0
BRDA:104,16,1,0
BRDA:113,17,0,0
BRDA:130,18,0,5
BRDA:130,18,1,38
BRDA:132,19,0,2
BRDA:138,20,0,41
BRDA:140,21,0,41
BRDA:140,21,1,8
BRDA:141,22,0,41
BRDA:141,22,1,11
BRDA:142,23,0,41
BRDA:142,23,1,30
BRDA:143,24,0,41
BRDA:143,24,1,32
BRDA:145,25,0,4
BRDA:145,26,0,41
BRDA:145,26,1,38
BRDA:156,27,0,10
BRDA:156,27,1,0
BRDA:157,28,0,0
BRDA:157,28,1,10
BRDA:167,29,0,10
BRDA:167,29,1,0
BRDA:167,29,2,0
BRDA:172,30,0,0
BRF:49
BRH:23
end_of_record
TN:
SF:lib\prompt-loader.ts
FN:9,loadPromptTemplate
FN:25,replaceTemplateVariables
FNF:2
FNH:2
FNDA:11,loadPromptTemplate
FNDA:38,replaceTemplateVariables
DA:1,6
DA:2,6
DA:9,15
DA:10,11
DA:11,11
DA:12,11
DA:13,11
DA:15,0
DA:25,42
DA:29,38
DA:30,38
DA:31,47
DA:32,47
DA:34,38
LF:14
LH:13
BRF:0
BRH:0
end_of_record
TN:
SF:lib\supabase-server.ts
FNF:0
FNH:0
DA:1,0
DA:3,0
DA:4,0
DA:6,0
DA:7,0
DA:11,0
LF:6
LH:0
BRDA:6,0,0,0
BRDA:6,1,0,0
BRDA:6,1,1,0
BRF:3
BRH:0
end_of_record
TN:
SF:lib\supabase.ts
FNF:0
FNH:0
DA:1,0
DA:3,0
DA:4,0
DA:6,0
DA:7,0
DA:10,0
LF:6
LH:0
BRDA:6,0,0,0
BRDA:6,1,0,0
BRDA:6,1,1,0
BRF:3
BRH:0
end_of_record
TN:
SF:lib\utils.ts
FN:4,cn
FNF:1
FNH:1
FNDA:39,cn
DA:1,1
DA:2,1
DA:4,39
DA:5,39
LF:4
LH:4
BRF:0
BRH:0
end_of_record
